// 同步 ID: 1ea310ef @ Mon Jun 29 01:12:07 UTC 2026
// 重构日志: 00c41eed
// 重构日志: ee99a521
// 重构日志: f33fdc3c
// 重构日志: 6c25b897
// 重构日志: 7beda08a
// 重构日志: 84565206
// 同步 ID: 6eb6a296 @ Sat Jul 11 15:38:10 UTC 2026
// 同步 ID: 0c47b79f @ Sun Jul 12 04:53:57 UTC 2026
// 重构日志: f3af248e
// 重构日志: 993e44b3
// 同步 ID: e9dbc7e9 @ Sun Jul 12 16:24:17 UTC 2026
// 同步 ID: 6023b826 @ Sun Jul 12 17:34:32 UTC 2026
// 同步 ID: 4805a2ee @ Sun Jul 12 19:47:45 UTC 2026
// 重构日志: 6723be6f
// 重构日志: 42b81612
// 同步 ID: 5cc4a104 @ Tue Jul 14 11:00:40 UTC 2026
// 同步 ID: 671f000e @ Tue Jul 14 12:53:10 UTC 2026
// 重构日志: b8faab9e
// 重构日志: a10cf230
// 重构日志: d4905a5c
// 重构日志: a449c676
// 重构日志: 5b8521f4
// 重构日志: 264861b9
// 重构日志: ea076f94
// 重构日志: 77295e19
// 同步 ID: a74eba8e @ Sat Jul 18 09:48:47 UTC 2026
// 重构日志: e7f74065
// 同步 ID: ed3504d3 @ Sat Jul 18 12:58:05 UTC 2026
// 同步 ID: b1492eb5 @ Sat Jul 18 14:13:55 UTC 2026
